0 info it worked if it ends with ok
1 verbose cli [ 'C:\\Program Files\\nodejs\\node.exe',
1 verbose cli   'C:\\Program Files\\nodejs\\node_modules\\npm\\bin\\npm-cli.js',
1 verbose cli   'install',
1 verbose cli   '-g',
1 verbose cli   'perl' ]
2 info using npm@3.8.0
3 info using node@v5.7.1
4 silly loadCurrentTree Starting
5 silly install loadCurrentTree
6 silly install readGlobalPackageData
7 silly fetchPackageMetaData perl
8 silly fetchNamedPackageData perl
9 silly mapToRegistry name perl
10 silly mapToRegistry using default registry
11 silly mapToRegistry registry https://registry.npmjs.org/
12 silly mapToRegistry uri https://registry.npmjs.org/perl
13 verbose request uri https://registry.npmjs.org/perl
14 verbose request no auth needed
15 info attempt registry request try #1 at 15:49:55
16 verbose request id 9ba7dd430ce05c25
17 http request GET https://registry.npmjs.org/perl
18 http 200 https://registry.npmjs.org/perl
19 verbose headers { server: 'CouchDB/1.5.0 (Erlang OTP/R16B03)',
19 verbose headers   etag: '"GAMIJEIPUAKT8SIBVUC4SOCK"',
19 verbose headers   'content-type': 'application/json',
19 verbose headers   'cache-control': 'max-age=300',
19 verbose headers   'content-length': '11900',
19 verbose headers   'accept-ranges': 'bytes',
19 verbose headers   date: 'Sun, 08 May 2016 13:49:57 GMT',
19 verbose headers   via: '1.1 varnish',
19 verbose headers   age: '0',
19 verbose headers   connection: 'keep-alive',
19 verbose headers   'x-served-by': 'cache-ams4132-AMS',
19 verbose headers   'x-cache': 'MISS',
19 verbose headers   'x-cache-hits': '0',
19 verbose headers   'x-timer': 'S1462715397.161977,VS0,VE416',
19 verbose headers   vary: 'Accept-Encoding' }
20 silly get cb [ 200,
20 silly get   { server: 'CouchDB/1.5.0 (Erlang OTP/R16B03)',
20 silly get     etag: '"GAMIJEIPUAKT8SIBVUC4SOCK"',
20 silly get     'content-type': 'application/json',
20 silly get     'cache-control': 'max-age=300',
20 silly get     'content-length': '11900',
20 silly get     'accept-ranges': 'bytes',
20 silly get     date: 'Sun, 08 May 2016 13:49:57 GMT',
20 silly get     via: '1.1 varnish',
20 silly get     age: '0',
20 silly get     connection: 'keep-alive',
20 silly get     'x-served-by': 'cache-ams4132-AMS',
20 silly get     'x-cache': 'MISS',
20 silly get     'x-cache-hits': '0',
20 silly get     'x-timer': 'S1462715397.161977,VS0,VE416',
20 silly get     vary: 'Accept-Encoding' } ]
21 verbose get saving perl to C:\Users\Abel\AppData\Roaming\npm-cache\registry.npmjs.org\perl\.cache.json
22 verbose correctMkdir C:\Users\Abel\AppData\Roaming\npm-cache correctMkdir not in flight; initializing
23 silly install normalizeTree
24 silly loadCurrentTree Finishing
25 silly loadIdealTree Starting
26 silly install loadIdealTree
27 silly cloneCurrentTree Starting
28 silly install cloneCurrentTreeToIdealTree
29 silly cloneCurrentTree Finishing
30 silly loadShrinkwrap Starting
31 silly install loadShrinkwrap
32 silly loadShrinkwrap Finishing
33 silly loadAllDepsIntoIdealTree Starting
34 silly install loadAllDepsIntoIdealTree
35 silly resolveWithNewModule perl@1.5.0 checking installable status
36 silly cache add args [ 'perl', null ]
37 verbose cache add spec perl
38 silly cache add parsed spec Result {
38 silly cache add   raw: 'perl',
38 silly cache add   scope: null,
38 silly cache add   name: 'perl',
38 silly cache add   rawSpec: '',
38 silly cache add   spec: 'latest',
38 silly cache add   type: 'tag' }
39 silly addNamed perl@latest
40 verbose addNamed "latest" is being treated as a dist-tag for perl
41 info addNameTag [ 'perl', 'latest' ]
42 silly mapToRegistry name perl
43 silly mapToRegistry using default registry
44 silly mapToRegistry registry https://registry.npmjs.org/
45 silly mapToRegistry uri https://registry.npmjs.org/perl
46 verbose addNameTag registry:https://registry.npmjs.org/perl not in flight; fetching
47 verbose get https://registry.npmjs.org/perl not expired, no request
48 silly addNameTag next cb for perl with tag latest
49 silly addNamed perl@1.5.0
50 verbose addNamed "1.5.0" is a plain semver version for perl
51 silly mapToRegistry name perl
52 silly mapToRegistry using default registry
53 silly mapToRegistry registry https://registry.npmjs.org/
54 silly mapToRegistry uri https://registry.npmjs.org/perl
55 verbose addRemoteTarball https://registry.npmjs.org/perl/-/perl-1.5.0.tgz not in flight; adding
56 verbose addRemoteTarball [ 'https://registry.npmjs.org/perl/-/perl-1.5.0.tgz',
56 verbose addRemoteTarball   'bb623fa427c357f9eb57f89c3ae9a8ef1a9f7094' ]
57 info retry fetch attempt 1 at 15:49:56
58 info attempt registry request try #1 at 15:49:56
59 http fetch GET https://registry.npmjs.org/perl/-/perl-1.5.0.tgz
60 http fetch 200 https://registry.npmjs.org/perl/-/perl-1.5.0.tgz
61 silly fetchAndShaCheck shasum bb623fa427c357f9eb57f89c3ae9a8ef1a9f7094
62 verbose addTmpTarball C:\Users\Abel\AppData\Local\Temp\npm-10132-206efbb4\registry.npmjs.org\perl\-\perl-1.5.0.tgz not in flight; adding
63 verbose addTmpTarball already have metadata; skipping unpack for perl@1.5.0
64 verbose correctMkdir C:\Users\Abel\AppData\Roaming\npm-cache correctMkdir not in flight; initializing
65 silly cache afterAdd perl@1.5.0
66 verbose afterAdd C:\Users\Abel\AppData\Roaming\npm-cache\perl\1.5.0\package\package.json not in flight; writing
67 verbose correctMkdir C:\Users\Abel\AppData\Roaming\npm-cache correctMkdir not in flight; initializing
68 verbose afterAdd C:\Users\Abel\AppData\Roaming\npm-cache\perl\1.5.0\package\package.json written
69 silly loadAllDepsIntoIdealTree Finishing
70 silly idealTree:prePrune nodejs
70 silly idealTree:prePrune `-- perl@1.5.0
71 silly loadIdealTree Finishing
72 silly currentTree nodejs
73 silly idealTree nodejs
73 silly idealTree `-- perl@1.5.0
74 silly generateActionsToTake Starting
75 silly install generateActionsToTake
76 silly generateActionsToTake Finishing
77 silly diffTrees action count 1
78 silly diffTrees add perl@1.5.0
79 silly decomposeActions action count 8
80 silly decomposeActions fetch perl@1.5.0
81 silly decomposeActions extract perl@1.5.0
82 silly decomposeActions test perl@1.5.0
83 silly decomposeActions preinstall perl@1.5.0
84 silly decomposeActions build perl@1.5.0
85 silly decomposeActions install perl@1.5.0
86 silly decomposeActions postinstall perl@1.5.0
87 silly decomposeActions finalize perl@1.5.0
88 silly executeActions Starting
89 silly install executeActions
90 silly doSerial global-install 0
91 silly doParallel fetch 1
92 verbose correctMkdir C:\Users\Abel\AppData\Roaming\npm-cache\_locks correctMkdir not in flight; initializing
93 verbose lock using C:\Users\Abel\AppData\Roaming\npm-cache\_locks\staging-dfd8fbf9c1feea0f.lock for C:\Program Files\nodejs\node_modules\.staging
94 silly doParallel extract 1
95 silly extract perl@1.5.0
96 verbose unbuild node_modules\.staging\perl-e4651194
97 silly gentlyRm C:\Program Files\nodejs\node_modules\.staging\perl-e4651194 is being purged from base C:\Program Files\nodejs
98 verbose gentlyRm don't care about contents; nuking C:\Program Files\nodejs\node_modules\.staging\perl-e4651194
99 verbose tar unpack C:\Users\Abel\AppData\Roaming\npm-cache\perl\1.5.0\package.tgz
100 verbose tar unpacking to C:\Program Files\nodejs\node_modules\.staging\perl-e4651194
101 silly gentlyRm C:\Program Files\nodejs\node_modules\.staging\perl-e4651194 is being purged
102 verbose gentlyRm don't care about contents; nuking C:\Program Files\nodejs\node_modules\.staging\perl-e4651194
103 silly gunzTarPerm modes [ '777', '666' ]
104 silly gunzTarPerm extractEntry package.json
105 silly gunzTarPerm modified mode [ 'package.json', 420, 438 ]
106 silly gunzTarPerm extractEntry .npmignore
107 silly gunzTarPerm modified mode [ '.npmignore', 420, 438 ]
108 silly gunzTarPerm extractEntry index.js
109 silly gunzTarPerm modified mode [ 'index.js', 420, 438 ]
110 silly gunzTarPerm extractEntry HACKING.mkdn
111 silly gunzTarPerm modified mode [ 'HACKING.mkdn', 420, 438 ]
112 silly gunzTarPerm extractEntry README.mkdn
113 silly gunzTarPerm modified mode [ 'README.mkdn', 420, 438 ]
114 silly gunzTarPerm extractEntry binding.gyp
115 silly gunzTarPerm modified mode [ 'binding.gyp', 420, 438 ]
116 silly gunzTarPerm extractEntry .perl-version
117 silly gunzTarPerm modified mode [ '.perl-version', 420, 438 ]
118 silly gunzTarPerm extractEntry utils/libperl.pl
119 silly gunzTarPerm modified mode [ 'utils/libperl.pl', 420, 438 ]
120 silly gunzTarPerm extractEntry Changes
121 silly gunzTarPerm modified mode [ 'Changes', 420, 438 ]
122 silly gunzTarPerm extractEntry src/nodeutil.h
123 silly gunzTarPerm modified mode [ 'src/nodeutil.h', 420, 438 ]
124 silly gunzTarPerm extractEntry src/perl_bindings.cc
125 silly gunzTarPerm modified mode [ 'src/perl_bindings.cc', 420, 438 ]
126 silly gunzTarPerm extractEntry src/perlxsi.c
127 silly gunzTarPerm modified mode [ 'src/perlxsi.c', 420, 438 ]
128 silly gunzTarPerm extractEntry src/ppport.h
129 silly gunzTarPerm modified mode [ 'src/ppport.h', 420, 438 ]
130 silly gunzTarPerm extractEntry test/01_simple.js
131 silly gunzTarPerm modified mode [ 'test/01_simple.js', 420, 438 ]
132 silly gunzTarPerm extractEntry test/02_dynaloader.js
133 silly gunzTarPerm modified mode [ 'test/02_dynaloader.js', 420, 438 ]
134 silly gunzTarPerm extractEntry test/03_instance_method.js
135 silly gunzTarPerm modified mode [ 'test/03_instance_method.js', 420, 438 ]
136 silly gunzTarPerm extractEntry eg/lwp.js
137 silly gunzTarPerm modified mode [ 'eg/lwp.js', 420, 438 ]
138 silly gentlyRm C:\Program Files\nodejs\node_modules\.staging\perl-e4651194\node_modules is being purged
139 verbose gentlyRm don't care about contents; nuking C:\Program Files\nodejs\node_modules\.staging\perl-e4651194\node_modules
140 silly doParallel preinstall 1
141 silly preinstall perl@1.5.0 C:\Program Files\nodejs\node_modules\.staging\perl-e4651194
142 info lifecycle perl@1.5.0~preinstall: perl@1.5.0
143 silly lifecycle perl@1.5.0~preinstall: no script for preinstall, continuing
144 silly doReverseSerial remove 0
145 silly doSerial move 0
146 silly doSerial finalize 1
147 silly finalize C:\Program Files\nodejs\node_modules\perl
148 silly doSerial build 1
149 silly build perl@1.5.0
150 info linkStuff perl@1.5.0
151 silly linkStuff perl@1.5.0 has C:\Program Files\nodejs\node_modules as its parent node_modules
152 silly linkStuff perl@1.5.0 is part of a global install
153 silly linkStuff perl@1.5.0 is installed into a global node_modules
154 silly linkStuff perl@1.5.0 is installed into the top-level global node_modules
155 verbose linkBins perl@1.5.0
156 verbose linkMans perl@1.5.0
157 silly doSerial global-link 0
158 silly doParallel update-linked 0
159 silly doSerial install 1
160 silly install perl@1.5.0 C:\Program Files\nodejs\node_modules\.staging\perl-e4651194
161 info lifecycle perl@1.5.0~install: perl@1.5.0
162 verbose lifecycle perl@1.5.0~install: unsafe-perm in lifecycle true
163 verbose lifecycle perl@1.5.0~install: PATH: C:\Users\Abel\AppData\Roaming\nvm\v5.7.1\node_modules\npm\bin\node-gyp-bin;C:\Program Files\nodejs\node_modules\perl\node_modules\.bin;C:\Program Files\nodejs\node_modules\.bin;C:\Program Files\nodejs;C:\ProgramData\Oracle\Java\javapath;C:\Program Files (x86)\Intel\iCLS Client\;C:\Program Files\Intel\iCLS Client\;C:\Windows\system32;C:\Windows;C:\Windows\System32\Wbem;C:\Windows\System32\WindowsPowerShell\v1.0\;C:\Program Files\Intel\Intel(R) Management Engine Components\DAL;C:\Program Files\Intel\Intel(R) Management Engine Components\IPT;C:\Program Files (x86)\Intel\Intel(R) Management Engine Components\DAL;C:\Program Files (x86)\Intel\Intel(R) Management Engine Components\IPT;C:\Program Files (x86)\Windows Kits\8.1\Windows Performance Toolkit\;C:\Program Files\Microsoft SQL Server\110\Tools\Binn\;C:\Program Files (x86)\NVIDIA Corporation\PhysX\Common;C:\Program Files (x86)\Skype\Phone\;C:\WINDOWS\system32;C:\WINDOWS;C:\WINDOWS\System32\Wbem;C:\WINDOWS\System32\WindowsPowerShell\v1.0\;C:\Program Files\Java\jdk1.8.0_31\bin;C:\Programs\maven\bin;C:\WINDOWS\system32\config\systemprofile\.dnx\bin;C:\Program Files\Microsoft DNX\Dnvm\;C:\Program Files\Microsoft SQL Server\120\Tools\Binn\;C:\Program Files\Git\cmd;C:\Users\Abel\AppData\Roaming\nvm;C:\Program Files\nodejs;C:\Program Files (x86)\Livestreamer;C:\Programs\Ruby193\bin;C:\Program Files (x86)\Microsoft VS Code\bin;C:\Users\Abel\AppData\Roaming\npm;C:\Programs\Git\cmd;C:\Users\Abel\AppData\Roaming\nvm;C:\Program Files\nodejs
164 verbose lifecycle perl@1.5.0~install: CWD: C:\Program Files\nodejs\node_modules\perl
165 silly lifecycle perl@1.5.0~install: Args: [ '/d /s /c', 'node-gyp clean ; node-gyp configure build' ]
166 silly lifecycle perl@1.5.0~install: Returned: code: 1  signal: null
167 info lifecycle perl@1.5.0~install: Failed to exec install script
168 verbose unlock done using C:\Users\Abel\AppData\Roaming\npm-cache\_locks\staging-dfd8fbf9c1feea0f.lock for C:\Program Files\nodejs\node_modules\.staging
169 silly rollbackFailedOptional Starting
170 silly rollbackFailedOptional Finishing
171 silly runTopLevelLifecycles Starting
172 silly runTopLevelLifecycles Finishing
173 silly install printInstalled
174 verbose stack Error: perl@1.5.0 install: `node-gyp clean ; node-gyp configure build`
174 verbose stack Exit status 1
174 verbose stack     at EventEmitter.<anonymous> (C:\Users\Abel\AppData\Roaming\nvm\v5.7.1\node_modules\npm\lib\utils\lifecycle.js:239:16)
174 verbose stack     at emitTwo (events.js:100:13)
174 verbose stack     at EventEmitter.emit (events.js:185:7)
174 verbose stack     at ChildProcess.<anonymous> (C:\Users\Abel\AppData\Roaming\nvm\v5.7.1\node_modules\npm\lib\utils\spawn.js:24:14)
174 verbose stack     at emitTwo (events.js:100:13)
174 verbose stack     at ChildProcess.emit (events.js:185:7)
174 verbose stack     at maybeClose (internal/child_process.js:827:16)
174 verbose stack     at Process.ChildProcess._handle.onexit (internal/child_process.js:211:5)
175 verbose pkgid perl@1.5.0
176 verbose cwd D:\Development\gantt\project
177 error Windows_NT 10.0.10240
178 error argv "C:\\Program Files\\nodejs\\node.exe" "C:\\Program Files\\nodejs\\node_modules\\npm\\bin\\npm-cli.js" "install" "-g" "perl"
179 error node v5.7.1
180 error npm  v3.8.0
181 error code ELIFECYCLE
182 error perl@1.5.0 install: `node-gyp clean ; node-gyp configure build`
182 error Exit status 1
183 error Failed at the perl@1.5.0 install script 'node-gyp clean ; node-gyp configure build'.
183 error Make sure you have the latest version of node.js and npm installed.
183 error If you do, this is most likely a problem with the perl package,
183 error not with npm itself.
183 error Tell the author that this fails on your system:
183 error     node-gyp clean ; node-gyp configure build
183 error You can get information on how to open an issue for this project with:
183 error     npm bugs perl
183 error Or if that isn't available, you can get their info via:
183 error     npm owner ls perl
183 error There is likely additional logging output above.
184 verbose exit [ 1, true ]
